0 info it worked if it ends with ok
1 verbose cli [ '/usr/local/bin/node', '/usr/local/bin/npm', 'start' ]
2 info using npm@3.4.0
3 info using node@v4.1.2
4 verbose run-script [ 'prestart', 'start', 'poststart' ]
5 info lifecycle haz@1.0.0~prestart: haz@1.0.0
6 silly lifecycle haz@1.0.0~prestart: no script for prestart, continuing
7 info lifecycle haz@1.0.0~start: haz@1.0.0
8 verbose lifecycle haz@1.0.0~start: unsafe-perm in lifecycle true
9 verbose lifecycle haz@1.0.0~start: PATH: /usr/local/lib/node_modules/npm/bin/node-gyp-bin:/Users/agha.asim/asimkh/apps/node_modules/.bin:/usr/local/Cellar/git/2.6.3/bin/:/usr/local/lib/node_modules/:/usr/local/include/node/:/usr/local/bin/:/usr/local/heroku/bin:/Users/agha.asim/Android/sdk/platform-tools/:/Users/agha.asim/Android/sdk/platforms/:/Users/agha.asim/Android/sdk/tools/:/Users/agha.asim/Android/gradle/bin/:/Library/Frameworks/Python.framework/Versions/3.4/bin:/usr/local/bin:/usr/bin:/bin:/usr/sbin:/sbin:/usr/local/go/bin
10 verbose lifecycle haz@1.0.0~start: CWD: /Users/agha.asim/asimkh/apps
11 silly lifecycle haz@1.0.0~start: Args: [ '-c', 'node serve.js' ]
12 silly lifecycle haz@1.0.0~start: Returned: code: 1  signal: null
13 info lifecycle haz@1.0.0~start: Failed to exec start script
14 verbose stack Error: haz@1.0.0 start: `node serve.js`
14 verbose stack Exit status 1
14 verbose stack     at EventEmitter.<anonymous> (/usr/local/lib/node_modules/npm/lib/utils/lifecycle.js:232:16)
14 verbose stack     at emitTwo (events.js:87:13)
14 verbose stack     at EventEmitter.emit (events.js:172:7)
14 verbose stack     at ChildProcess.<anonymous> (/usr/local/lib/node_modules/npm/lib/utils/spawn.js:24:14)
14 verbose stack     at emitTwo (events.js:87:13)
14 verbose stack     at ChildProcess.emit (events.js:172:7)
14 verbose stack     at maybeClose (internal/child_process.js:818:16)
14 verbose stack     at Process.ChildProcess._handle.onexit (internal/child_process.js:211:5)
15 verbose pkgid haz@1.0.0
16 verbose cwd /Users/agha.asim/asimkh/apps
17 error Darwin 14.3.0
18 error argv "/usr/local/bin/node" "/usr/local/bin/npm" "start"
19 error node v4.1.2
20 error npm  v3.4.0
21 error code ELIFECYCLE
22 error haz@1.0.0 start: `node serve.js`
22 error Exit status 1
23 error Failed at the haz@1.0.0 start script 'node serve.js'.
23 error Make sure you have the latest version of node.js and npm installed.
23 error If you do, this is most likely a problem with the haz package,
23 error not with npm itself.
23 error Tell the author that this fails on your system:
23 error     node serve.js
23 error You can get their info via:
23 error     npm owner ls haz
23 error There is likely additional logging output above.
24 verbose exit [ 1, true ]
