0 info it worked if it ends with ok
1 verbose cli [ '/usr/local/bin/node',
1 verbose cli   '/usr/local/bin/npm',
1 verbose cli   'install',
1 verbose cli   'ios-deploy' ]
2 info using npm@2.14.4
3 info using node@v4.1.2
4 verbose install initial load of /Users/agha.asim/Hazzir/package.json
5 warn package.json hazzir@1.0.0 No repository field.
6 warn package.json hazzir@1.0.0 No README data
7 warn package.json hazzir@1.0.0 No license field.
8 verbose readDependencies loading dependencies from /Users/agha.asim/Hazzir/package.json
9 silly cache add args [ 'ios-deploy', null ]
10 verbose cache add spec ios-deploy
11 silly cache add parsed spec Result {
11 silly cache add   raw: 'ios-deploy',
11 silly cache add   scope: null,
11 silly cache add   name: 'ios-deploy',
11 silly cache add   rawSpec: '',
11 silly cache add   spec: '*',
11 silly cache add   type: 'range' }
12 silly addNamed ios-deploy@*
13 verbose addNamed "*" is a valid semver range for ios-deploy
14 silly addNameRange { name: 'ios-deploy', range: '*', hasData: false }
15 silly mapToRegistry name ios-deploy
16 silly mapToRegistry using default registry
17 silly mapToRegistry registry https://registry.npmjs.org/
18 silly mapToRegistry uri https://registry.npmjs.org/ios-deploy
19 verbose addNameRange registry:https://registry.npmjs.org/ios-deploy not in flight; fetching
20 verbose request uri https://registry.npmjs.org/ios-deploy
21 verbose request no auth needed
22 info attempt registry request try #1 at 6:07:44 PM
23 verbose request id a32e912f1b23a4ec
24 verbose etag "5M3SSXYG83KZMO6ZHVP386IJN"
25 http request GET https://registry.npmjs.org/ios-deploy
26 http 304 https://registry.npmjs.org/ios-deploy
27 silly get cb [ 304,
27 silly get   { date: 'Sun, 11 Oct 2015 14:06:19 GMT',
27 silly get     via: '1.1 varnish',
27 silly get     'cache-control': 'max-age=60',
27 silly get     etag: '"5M3SSXYG83KZMO6ZHVP386IJN"',
27 silly get     age: '0',
27 silly get     connection: 'keep-alive',
27 silly get     'x-served-by': 'cache-lhr6327-LHR',
27 silly get     'x-cache': 'MISS',
27 silly get     'x-cache-hits': '0',
27 silly get     'x-timer': 'S1444572379.586540,VS0,VE457',
27 silly get     vary: 'Accept' } ]
28 verbose etag https://registry.npmjs.org/ios-deploy from cache
29 verbose get saving ios-deploy to /Users/agha.asim/.npm/registry.npmjs.org/ios-deploy/.cache.json
30 silly addNameRange number 2 { name: 'ios-deploy', range: '*', hasData: true }
31 silly addNameRange versions [ 'ios-deploy',
31 silly addNameRange   [ '1.0.1',
31 silly addNameRange     '1.0.2',
31 silly addNameRange     '1.0.3',
31 silly addNameRange     '1.0.4',
31 silly addNameRange     '1.0.5',
31 silly addNameRange     '1.0.6',
31 silly addNameRange     '1.0.7',
31 silly addNameRange     '1.0.8',
31 silly addNameRange     '1.0.9',
31 silly addNameRange     '1.1.0',
31 silly addNameRange     '1.2.0',
31 silly addNameRange     '1.3.0',
31 silly addNameRange     '1.3.1',
31 silly addNameRange     '1.3.2',
31 silly addNameRange     '1.4.0',
31 silly addNameRange     '1.5.0',
31 silly addNameRange     '1.6.0',
31 silly addNameRange     '1.6.1',
31 silly addNameRange     '1.6.2',
31 silly addNameRange     '1.6.3',
31 silly addNameRange     '1.7.0',
31 silly addNameRange     '1.8.0',
31 silly addNameRange     '1.8.1' ] ]
32 silly addNamed ios-deploy@1.8.1
33 verbose addNamed "1.8.1" is a plain semver version for ios-deploy
34 silly cache afterAdd ios-deploy@1.8.1
35 verbose afterAdd /Users/agha.asim/.npm/ios-deploy/1.8.1/package/package.json not in flight; writing
36 verbose afterAdd /Users/agha.asim/.npm/ios-deploy/1.8.1/package/package.json written
37 silly install resolved [ { name: 'ios-deploy',
37 silly install resolved     version: '1.8.1',
37 silly install resolved     os: [ 'darwin' ],
37 silly install resolved     description: 'launch iOS apps iOS devices from the command line (Xcode 7)',
37 silly install resolved     main: 'ios-deploy',
37 silly install resolved     scripts: { preinstall: './check_reqs.js && xcodebuild' },
37 silly install resolved     bin: { 'ios-deploy': './build/Release/ios-deploy' },
37 silly install resolved     repository:
37 silly install resolved      { type: 'git',
37 silly install resolved        url: 'git+https://github.com/phonegap/ios-deploy.git' },
37 silly install resolved     keywords: [ 'ios-deploy', 'deploy to iOS device' ],
37 silly install resolved     author: { name: 'Greg Hughes' },
37 silly install resolved     license: 'GPLv3',
37 silly install resolved     gitHead: '23ea3b7097b7ebdea2fcbc73b12766d7bf47d595',
37 silly install resolved     bugs: { url: 'https://github.com/phonegap/ios-deploy/issues' },
37 silly install resolved     homepage: 'https://github.com/phonegap/ios-deploy#readme',
37 silly install resolved     _id: 'ios-deploy@1.8.1',
37 silly install resolved     _shasum: '56f461bd25e58d59ddf8bdf96bfd57138a1e5652',
37 silly install resolved     _from: 'ios-deploy@*',
37 silly install resolved     _npmVersion: '2.11.3',
37 silly install resolved     _nodeVersion: '0.12.7',
37 silly install resolved     _npmUser: { name: 'shazron', email: 'shazron@gmail.com' },
37 silly install resolved     dist:
37 silly install resolved      { shasum: '56f461bd25e58d59ddf8bdf96bfd57138a1e5652',
37 silly install resolved        tarball: 'http://registry.npmjs.org/ios-deploy/-/ios-deploy-1.8.1.tgz' },
37 silly install resolved     maintainers: [ [Object], [Object], [Object] ],
37 silly install resolved     directories: {},
37 silly install resolved     _resolved: 'https://registry.npmjs.org/ios-deploy/-/ios-deploy-1.8.1.tgz',
37 silly install resolved     readme: 'ERROR: No README data found!' } ]
38 info install ios-deploy@1.8.1 into /Users/agha.asim/Hazzir
39 info installOne ios-deploy@1.8.1
40 verbose installOne of ios-deploy to /Users/agha.asim/Hazzir not in flight; installing
41 verbose lock using /Users/agha.asim/.npm/_locks/ios-deploy-10bf9718d88a40db.lock for /Users/agha.asim/Hazzir/node_modules/ios-deploy
42 silly install write writing ios-deploy 1.8.1 to /Users/agha.asim/Hazzir/node_modules/ios-deploy
43 verbose unbuild node_modules/ios-deploy
44 silly gentlyRm /Users/agha.asim/Hazzir/node_modules/ios-deploy is being purged from base /Users/agha.asim/Hazzir
45 verbose gentlyRm don't care about contents; nuking /Users/agha.asim/Hazzir/node_modules/ios-deploy
46 verbose tar unpack /Users/agha.asim/.npm/ios-deploy/1.8.1/package.tgz
47 verbose tar unpacking to /Users/agha.asim/Hazzir/node_modules/ios-deploy
48 silly gentlyRm /Users/agha.asim/Hazzir/node_modules/ios-deploy is being purged
49 verbose gentlyRm don't care about contents; nuking /Users/agha.asim/Hazzir/node_modules/ios-deploy
50 silly gunzTarPerm modes [ '755', '644' ]
51 silly gunzTarPerm extractEntry package.json
52 silly gunzTarPerm extractEntry .npmignore
53 silly gunzTarPerm extractEntry README.md
54 silly gunzTarPerm extractEntry LICENSE
55 silly gunzTarPerm extractEntry check_reqs.js
56 silly gunzTarPerm extractEntry CONTRIBUTING.md
57 silly gunzTarPerm extractEntry demo/.npmignore
58 silly gunzTarPerm extractEntry demo/Entitlements.plist
59 silly gunzTarPerm extractEntry demo/Info.plist
60 silly gunzTarPerm extractEntry demo/Makefile
61 silly gunzTarPerm extractEntry demo/ResourceRules.plist
62 silly gunzTarPerm extractEntry demo/demo.c
63 silly gunzTarPerm extractEntry ios-deploy.xcodeproj/project.pbxproj
64 silly gunzTarPerm extractEntry src/MobileDevice.h
65 silly gunzTarPerm extractEntry src/errors.h
66 silly gunzTarPerm extractEntry src/ios-deploy.c
67 verbose write writing to /Users/agha.asim/Hazzir/node_modules/ios-deploy/package.json
68 info preinstall ios-deploy@1.8.1
69 verbose unsafe-perm in lifecycle false
70 info ios-deploy@1.8.1 Failed to exec preinstall script
71 verbose unlock done using /Users/agha.asim/.npm/_locks/ios-deploy-10bf9718d88a40db.lock for /Users/agha.asim/Hazzir/node_modules/ios-deploy
72 verbose stack Error: ios-deploy@1.8.1 preinstall: `./check_reqs.js && xcodebuild`
72 verbose stack Exit status 1
72 verbose stack     at EventEmitter.<anonymous> (/usr/local/lib/node_modules/npm/lib/utils/lifecycle.js:214:16)
72 verbose stack     at emitTwo (events.js:87:13)
72 verbose stack     at EventEmitter.emit (events.js:172:7)
72 verbose stack     at ChildProcess.<anonymous> (/usr/local/lib/node_modules/npm/lib/utils/spawn.js:24:14)
72 verbose stack     at emitTwo (events.js:87:13)
72 verbose stack     at ChildProcess.emit (events.js:172:7)
72 verbose stack     at maybeClose (internal/child_process.js:818:16)
72 verbose stack     at Process.ChildProcess._handle.onexit (internal/child_process.js:211:5)
73 verbose pkgid ios-deploy@1.8.1
74 verbose cwd /Users/agha.asim/Hazzir
75 error Darwin 14.3.0
76 error argv "/usr/local/bin/node" "/usr/local/bin/npm" "install" "ios-deploy"
77 error node v4.1.2
78 error npm  v2.14.4
79 error code ELIFECYCLE
80 error ios-deploy@1.8.1 preinstall: `./check_reqs.js && xcodebuild`
80 error Exit status 1
81 error Failed at the ios-deploy@1.8.1 preinstall script './check_reqs.js && xcodebuild'.
81 error This is most likely a problem with the ios-deploy package,
81 error not with npm itself.
81 error Tell the author that this fails on your system:
81 error     ./check_reqs.js && xcodebuild
81 error You can get their info via:
81 error     npm owner ls ios-deploy
81 error There is likely additional logging output above.
82 verbose exit [ 1, true ]
83 verbose unbuild node_modules/ios-deploy
84 info preuninstall ios-deploy@1.8.1
85 info uninstall ios-deploy@1.8.1
86 verbose unbuild rmStuff ios-deploy@1.8.1 from /Users/agha.asim/Hazzir/node_modules
87 silly gentlyRm /Users/agha.asim/Hazzir/node_modules/.bin/ios-deploy is being gently removed
88 silly gentlyRm verifying /Users/agha.asim/Hazzir is an npm working directory
89 silly gentlyRm containing path /Users/agha.asim/Hazzir is under npm's control, in /Users/agha.asim/Hazzir
90 silly gentlyRm deletion target /Users/agha.asim/Hazzir/node_modules/.bin/ios-deploy is under /Users/agha.asim/Hazzir
91 verbose gentlyRm vacuuming from /Users/agha.asim/Hazzir/node_modules/.bin/ios-deploy up to /Users/agha.asim/Hazzir
92 info postuninstall ios-deploy@1.8.1
93 silly gentlyRm /Users/agha.asim/Hazzir/node_modules/ios-deploy is being purged from base /Users/agha.asim/Hazzir
94 verbose gentlyRm don't care about contents; nuking /Users/agha.asim/Hazzir/node_modules/ios-deploy
95 silly vacuum-fs purging /Users/agha.asim/Hazzir/node_modules/ios-deploy
96 silly vacuum-fs removing /Users/agha.asim/Hazzir/node_modules
97 silly vacuum-fs finished vacuuming up to /Users/agha.asim/Hazzir
